2025-11-13T13:04:31.965-0500 [INFO]  Terraform version: 1.13.1
2025-11-13T13:04:31.966-0500 [DEBUG] using github.com/hashicorp/go-tfe v1.74.1
2025-11-13T13:04:31.966-0500 [DEBUG] using github.com/hashicorp/hcl/v2 v2.24.0
2025-11-13T13:04:31.966-0500 [DEBUG] using github.com/hashicorp/terraform-svchost v0.1.1
2025-11-13T13:04:31.966-0500 [DEBUG] using github.com/zclconf/go-cty v1.16.3
2025-11-13T13:04:31.966-0500 [INFO]  Go runtime version: go1.24.5
2025-11-13T13:04:31.966-0500 [INFO]  CLI args: []string{"/opt/homebrew/Cellar/tfenv/3.0.0/versions/1.13.1/terraform", "plan"}

[... provider initialization logs ...]

2025-11-13T13:04:33.561-0500 [DEBUG] provider: starting plugin: path=.terraform/providers/registry.terraform.io/hashicorp/awscc/1.63.0/darwin_arm64/terraform-provider-awscc_v1.63.0 args=[".terraform/providers/registry.terraform.io/hashicorp/awscc/1.63.0/darwin_arm64/terraform-provider-awscc_v1.63.0"]
2025-11-13T13:04:33.564-0500 [DEBUG] provider: plugin started: path=.terraform/providers/registry.terraform.io/hashicorp/awscc/1.63.0/darwin_arm64/terraform-provider-awscc_v1.63.0 pid=60109
2025-11-13T13:04:33.564-0500 [DEBUG] provider: waiting for RPC address: plugin=.terraform/providers/registry.terraform.io/hashicorp/awscc/1.63.0/darwin_arm64/terraform-provider-awscc_v1.63.0
2025-11-13T13:04:33.603-0500 [INFO]  provider.terraform-provider-awscc_v1.63.0: configuring server automatic mTLS: timestamp=2025-11-13T13:04:33.603-0500
2025-11-13T13:04:33.610-0500 [DEBUG] provider: using plugin: version=6
2025-11-13T13:04:33.610-0500 [DEBUG] provider.terraform-provider-awscc_v1.63.0: plugin address: network=unix address=/var/folders/REDACTED/plugin1857558445 timestamp=2025-11-13T13:04:33.610-0500
2025-11-13T13:04:33.968-0500 [DEBUG] No provider meta schema returned

[... validation phase logs ...]

2025-11-13T13:04:34.263-0500 [DEBUG] ReferenceTransformer: "module.unreal_cloud_ddc.module.ddc_infra.awscc_eks_cluster.unreal_cloud_ddc_eks_cluster" references: [module.unreal_cloud_ddc.module.ddc_infra.var.eks_cluster_logging_types (expand) module.unreal_cloud_ddc.module.ddc_infra.aws_iam_role.eks_cluster_role module.unreal_cloud_ddc.module.ddc_infra.local.name_prefix (expand) module.unreal_cloud_ddc.module.ddc_infra.aws_iam_role.eks_node_role module.unreal_cloud_ddc.module.ddc_infra.var.eks_node_group_subnets (expand) module.unreal_cloud_ddc.module.ddc_infra.local.eks_private_enabled (expand) module.unreal_cloud_ddc.module.ddc_infra.local.eks_public_enabled (expand) module.unreal_cloud_ddc.module.ddc_infra.local.eks_public_cidrs (expand) module.unreal_cloud_ddc.module.ddc_infra.aws_security_group.cluster_security_group module.unreal_cloud_ddc.module.ddc_infra.var.tags (expand) module.unreal_cloud_ddc.module.ddc_infra.var.kubernetes_version (expand) module.unreal_cloud_ddc.module.ddc_infra.var.kubernetes_version (validation)]

[... extensive reference transformer logs ...]

2025-11-13T13:04:34.282-0500 [DEBUG] Starting graph walk: walkValidate
2025-11-13T13:04:34.285-0500 [DEBUG] created provider logger: level=debug
2025-11-13T13:04:34.285-0500 [INFO]  provider: configuring client automatic mTLS
2025-11-13T13:04:34.287-0500 [DEBUG] provider: starting plugin: path=.terraform/providers/registry.terraform.io/hashicorp/awscc/1.63.0/darwin_arm64/terraform-provider-awscc_v1.63.0 args=[".terraform/providers/registry.terraform.io/hashicorp/awscc/1.63.0/darwin_arm64/terraform-provider-awscc_v1.63.0"]
2025-11-13T13:04:34.291-0500 [DEBUG] provider: plugin started: path=.terraform/providers/registry.terraform.io/hashicorp/awscc/1.63.0/darwin_arm64/terraform-provider-awscc_v1.63.0 pid=60124
2025-11-13T13:04:34.291-0500 [DEBUG] provider: waiting for RPC address: plugin=.terraform/providers/registry.terraform.io/hashicorp/awscc/1.63.0/darwin_arm64/terraform-provider-awscc_v1.63.0
2025-11-13T13:04:34.307-0500 [INFO]  provider.terraform-provider-awscc_v1.63.0: configuring server automatic mTLS: timestamp=2025-11-13T13:04:34.306-0500
2025-11-13T13:04:34.312-0500 [DEBUG] provider.terraform-provider-awscc_v1.63.0: plugin address: address=/var/folders/REDACTED/plugin517123300 network=unix timestamp=2025-11-13T13:04:34.312-0500
2025-11-13T13:04:34.312-0500 [DEBUG] provider: using plugin: version=6

[... provider initialization continues ...]

2025-11-13T13:04:34.708-0500 [DEBUG] provider.stdio: received EOF, stopping recv loop: err="rpc error: code = Unavailable desc = error reading from server: EOF"
2025-11-13T13:04:34.710-0500 [INFO]  provider: plugin process exited: plugin=.terraform/providers/registry.terraform.io/hashicorp/awscc/1.63.0/darwin_arm64/terraform-provider-awscc_v1.63.0 id=60124
2025-11-13T13:04:34.710-0500 [DEBUG] provider: plugin exited

# CRITICAL ISSUE: AWSCC provider exits during validation phase
# The provider starts correctly but fails during the validation/planning phase
# This suggests an internal issue with how AWSCC handles EKS Auto Mode resource configuration
# The provider cannot properly validate the awscc_eks_cluster resource with Auto Mode settings

2025-11-13T13:04:34.729-0500 [INFO]  backend/local: plan calling Plan
2025-11-13T13:04:34.729-0500 [DEBUG] Building and walking plan graph for NormalMode

# The plan phase continues but the AWSCC provider has already exited
# This leads to the "Missing Resource Identity After Read" error when Terraform
# tries to refresh the existing EKS cluster resource